<?xml version="1.0" encoding="UTF-8"?>
<testsuite xmlns:xsi="http://www.w3.org/2001/XMLSchema-instance" xsi:noNamespaceSchemaLocation="https://maven.apache.org/surefire/maven-surefire-plugin/xsd/surefire-test-report.xsd" name="com.nomura.bowling.app.services.BowlingScoreServiceTests" time="1.471" tests="6" errors="0" skipped="0" failures="0">
  <properties>
[...]
</properties>
  <testcase name="testPrintScoreCard" classname="com.nomura.bowling.app.services.BowlingScoreServiceTests" time="0.064"/>
  <testcase name="testHandleFinalFrameWithStrike" classname="com.nomura.bowling.app.services.BowlingScoreServiceTests" time="0.016"/>
  <testcase name="testHandleFinalFrameWithAllStrikes" classname="com.nomura.bowling.app.services.BowlingScoreServiceTests" time="0.003"/>
  <testcase name="testBowlFrame" classname="com.nomura.bowling.app.services.BowlingScoreServiceTests" time="0.009"/>
  <testcase name="testPerfectGame" classname="com.nomura.bowling.app.services.BowlingScoreServiceTests" time="0.004"/>
  <testcase name="testHandleFinalFrameWithSpare" classname="com.nomura.bowling.app.services.BowlingScoreServiceTests" time="0.003"/>
</testsuite>